<?xml version="1.0" encoding="UTF-8"?>
<!-- Generated by org.testng.reporters.JUnitReportReporter -->
<testsuite hostname="DESKTOP-LO4RKDQ" failures="0" tests="4" name="com.bankguru.user.Level_04_Page_Object_Patten" time="16.269" errors="0" timestamp="25 thg 2 2023 15:02:38 GMT" skipped="0">
  <testcase classname="com.bankguru.user.Level_04_Page_Object_Patten" name="TC_03_New_Customer" time="1.850"/>
  <testcase classname="com.bankguru.user.Level_04_Page_Object_Patten" name="TC_01_Register_To_System" time="0.007"/>
  <testcase classname="com.bankguru.user.Level_04_Page_Object_Patten" name="TC_02_Login_Page" time="7.549"/>
  <testcase classname="com.bankguru.user.Level_04_Page_Object_Patten" name="TC_04_Logout" time="6.863"/>
</testsuite> <!-- com.bankguru.user.Level_04_Page_Object_Patten -->
