<?xml version="1.0" encoding="UTF-8"?>
<!-- Generated by org.testng.reporters.JUnitReportReporter -->
<testsuite hostname="DESKTOP-LO4RKDQ" failures="0" tests="1" name="com.bankguru.user.Level_02_Abstract_Page" time="0.001" errors="0" timestamp="05 thg 2 2023 13:53:28 GMT" skipped="0">
  <testcase classname="com.bankguru.user.Level_02_Abstract_Page" name="f" time="0.001"/>
</testsuite> <!-- com.bankguru.user.Level_02_Abstract_Page -->
