<?xml version="1.0" encoding="UTF-8"?>
<!-- Generated by org.testng.reporters.JUnitReportReporter -->
<testsuite hostname="DESKTOP-LO4RKDQ" failures="0" tests="4" name="com.bankguru.user.Levle_06_BrowserManagerFactory" time="6.108" errors="0" timestamp="01 thg 3 2023 15:38:19 GMT" skipped="0">
  <testcase classname="com.bankguru.user.Levle_06_BrowserManagerFactory" name="TC_03_New_Customer" time="1.500"/>
  <testcase classname="com.bankguru.user.Levle_06_BrowserManagerFactory" name="TC_04_Logout" time="2.191"/>
  <testcase classname="com.bankguru.user.Levle_06_BrowserManagerFactory" name="TC_01_Register_To_System" time="0.007"/>
  <testcase classname="com.bankguru.user.Levle_06_BrowserManagerFactory" name="TC_02_Login_Page" time="2.410"/>
</testsuite> <!-- com.bankguru.user.Levle_06_BrowserManagerFactory -->
