<?xml version="1.0" encoding="UTF-8"?>
<!-- Generated by org.testng.reporters.JUnitReportReporter -->
<testsuite hostname="DESKTOP-LO4RKDQ" failures="0" tests="1" name="Selenium.Topic_01_CheckEnviroment" time="23.075" errors="0" timestamp="06 thg 2 2023 14:27:34 GMT" skipped="0">
  <testcase classname="Selenium.Topic_01_CheckEnviroment" name="TC_01" time="23.075"/>
</testsuite> <!-- Selenium.Topic_01_CheckEnviroment -->
