<?xml version="1.0" encoding="UTF-8"?>
<!-- Generated by org.testng.reporters.JUnitReportReporter -->
<testsuite hostname="DESKTOP-LO4RKDQ" failures="0" tests="4" name="com.bankguru.user.Level_10_SwtichPage" time="7.888" errors="0" timestamp="26 thg 3 2023 10:32:35 GMT" skipped="0">
  <testcase classname="com.bankguru.user.Level_10_SwtichPage" name="TC_04_Logout" time="1.634"/>
  <testcase classname="com.bankguru.user.Level_10_SwtichPage" name="TC_01_Register_To_System" time="0.070"/>
  <testcase classname="com.bankguru.user.Level_10_SwtichPage" name="TC_03_New_Customer" time="3.779"/>
  <testcase classname="com.bankguru.user.Level_10_SwtichPage" name="TC_02_Login_Page" time="2.405"/>
</testsuite> <!-- com.bankguru.user.Level_10_SwtichPage -->
