<?xml version="1.0" encoding="UTF-8"?>
<!-- Generated by org.testng.reporters.JUnitReportReporter -->
<testsuite hostname="DESKTOP-LO4RKDQ" failures="0" tests="4" name="com.bankguru.user.Level_05_Handle_Mutiple_Browser" time="17.211" errors="0" timestamp="26 thg 2 2023 15:04:26 GMT" skipped="0">
  <testcase classname="com.bankguru.user.Level_05_Handle_Mutiple_Browser" name="TC_04_Logout" time="3.233"/>
  <testcase classname="com.bankguru.user.Level_05_Handle_Mutiple_Browser" name="TC_03_New_Customer" time="1.674"/>
  <testcase classname="com.bankguru.user.Level_05_Handle_Mutiple_Browser" name="TC_01_Register_To_System" time="0.011"/>
  <testcase classname="com.bankguru.user.Level_05_Handle_Mutiple_Browser" name="TC_02_Login_Page" time="12.293"/>
</testsuite> <!-- com.bankguru.user.Level_05_Handle_Mutiple_Browser -->
