<?xml version="1.0" encoding="UTF-8"?>
<!-- Generated by org.testng.reporters.JUnitReportReporter -->
<testsuite hostname="DESKTOP-LO4RKDQ" failures="0" tests="4" name="com.bankguru.user.Level_11_DynamicPage_Rest_Parametter" time="3.886" errors="0" timestamp="26 thg 3 2023 10:39:29 GMT" skipped="0">
  <testcase classname="com.bankguru.user.Level_11_DynamicPage_Rest_Parametter" name="TC_02_Login_Page" time="2.168"/>
  <testcase classname="com.bankguru.user.Level_11_DynamicPage_Rest_Parametter" name="TC_03_New_Customer" time="1.008"/>
  <testcase classname="com.bankguru.user.Level_11_DynamicPage_Rest_Parametter" name="TC_04_Logout" time="0.644"/>
  <testcase classname="com.bankguru.user.Level_11_DynamicPage_Rest_Parametter" name="TC_01_Register_To_System" time="0.066"/>
</testsuite> <!-- com.bankguru.user.Level_11_DynamicPage_Rest_Parametter -->
