<?xml version="1.0" encoding="UTF-8"?>
<!-- Generated by org.testng.reporters.JUnitReportReporter -->
<testsuite hostname="DESKTOP-LO4RKDQ" failures="0" tests="1" name="com.jquery.datatable.Level_12_DataTable" time="10.200" errors="0" timestamp="24 thg 7 2023 13:14:05 GMT" skipped="0">
  <testcase classname="com.jquery.datatable.Level_12_DataTable" name="TC_01_InputData" time="10.200"/>
</testsuite> <!-- com.jquery.datatable.Level_12_DataTable -->
