<?xml version="1.0" encoding="UTF-8"?>
<!-- Generated by org.testng.reporters.JUnitReportReporter -->
<testsuite hostname="DESKTOP-LO4RKDQ" failures="0" tests="4" name="com.bankguru.user.Level_08_PageGenerator" time="5.526" errors="0" timestamp="23 thg 3 2023 15:09:15 GMT" skipped="0">
  <testcase classname="com.bankguru.user.Level_08_PageGenerator" name="TC_03_New_Customer" time="1.359"/>
  <testcase classname="com.bankguru.user.Level_08_PageGenerator" name="TC_01_Register_To_System" time="0.100"/>
  <testcase classname="com.bankguru.user.Level_08_PageGenerator" name="TC_02_Login_Page" time="2.285"/>
  <testcase classname="com.bankguru.user.Level_08_PageGenerator" name="TC_04_Logout" time="1.782"/>
</testsuite> <!-- com.bankguru.user.Level_08_PageGenerator -->
